<?xml version="1.0" encoding="UTF-8"?>
<!-- Generated by org.testng.reporters.JUnitXMLReporter -->
<testsuite hostname="DESKTOP-RR2CFCS" ignored="0" name="Test" tests="6" failures="0" timestamp="2022-01-25T15:29:52 IST" time="267.334" errors="0">
  <testcase name="endToendProcess" time="39.183" classname="com.TestClasses.StartToEndProcessTestcase"/>
  <testcase name="Registration" time="10.327" classname="com.TestClasses.RegisterTestCase"/>
  <testcase name="SearchProcess" time="8.285" classname="com.TestClasses.SearchProductTestCase"/>
  <testcase name="InvalidLoginTestCase" time="6.76" classname="com.TestClasses.InvalidLogineTestCase"/>
  <testcase name="orderEndToEndProcess" time="51.698" classname="com.TestClasses.OrderTestCase"/>
  <testcase name="ValidLoginTestCase" time="5.144" classname="com.TestClasses.LoginTestCase"/>
</testsuite> <!-- Test -->
